"../../../Engine/Content/EditorBlueprintResources/StandardMacros.uasset" 0
"../../../Honours/Content/Materials/M_StarGen.uasset" 1
"../../../Engine/Content/Functions/Engine_MaterialFunctions01/Opacity/CameraDepthFade.uasset" 2
"../../../Engine/Content/EngineMaterials/T_Default_Material_Grid_M.uasset" 3
"../../../Engine/Content/EngineMaterials/T_Default_Material_Grid_N.uasset" 4
"../../../Engine/Content/EngineMaterials/DefaultMaterial.uasset" 5
"../../../Engine/Content/BasicShapes/Sphere.uasset" 6
"../../../Honours/Content/Blueprints/BP_Star.uasset" 7
"../../../Engine/Content/Functions/Engine_MaterialFunctions02/ObjectLocalBounds.uasset" 8
"../../../Engine/Content/Functions/Engine_MaterialFunctions02/UVs/BoundingBoxBased_0-1_UVW.uasset" 9
"../../../Engine/Content/EditorMaterials/Cascade/CASC_Cross.uasset" 10
"../../../Engine/Content/EditorMaterials/Cascade/CASC_None.uasset" 11
"../../../Engine/Content/Functions/Engine_MaterialFunctions03/Blends/Blend_Darken.uasset" 12
"../../../Engine/Content/Functions/Engine_MaterialFunctions03/Blends/Blend_Lighten.uasset" 13
"../../../Honours/Content/Materials/M_ColorGen.uasset" 14
"../../../Honours/Content/Materials/M_NoiseGen.uasset" 15
"../../../Honours/Content/Materials/M_PlanetGen.uasset" 16
"../../../Honours/Content/Blueprints/BP_Planet.uasset" 17
"../../../Engine/Content/MapTemplates/Sky/T_Sky_Stars.uasset" 18
"../../../Engine/Content/MapTemplates/Sky/T_UDK_Sky_CloudMask01_N.uasset" 19
"../../../Engine/Content/MapTemplates/Sky/M_Procedural_Sky_MASTER02.uasset" 20
"../../../Engine/Content/MapTemplates/Sky/SM_SkySphere.uasset" 21
"../../../Honours/Content/Blueprints/BP_SpaceSky.uasset" 22
"../../../Engine/Content/EngineMaterials/WorldGridMaterial.uasset" 23
"../../../Honours/Content/Textures/T_Space.uasset" 24
"../../../Honours/Content/Materials/M_Space.uasset" 25
"../../../Honours/Content/NewMap.umap" 26
"../../../Honours/Content/Blueprints/SeedVar.uasset" 27
"../../../Honours/Content/Textures/T_BUtton.uasset" 28
"../../../Honours/Content/Textures/T_ButtonHovered.uasset" 29
"../../../Honours/Content/Textures/T_ButtonPressed.uasset" 30
"../../../Honours/Content/Blueprints/BP_Button.uasset" 31
"../../../Honours/Content/Blueprints/BP_HeadsUp.uasset" 32
"../../../Honours/Content/Maps/L_Space.umap" 33
"../../../Honours/Content/Blueprints/BP_MainMenu.uasset" 34
"../../../Honours/Content/Maps/L_MainMenu.umap" 35
"../../../Engine/Content/EngineMaterials/DefaultDiffuse.uasset" 36
"../../../Engine/Content/EngineMaterials/DefaultNormal.uasset" 37
"../../../Engine/Content/Maps/Entry.umap" 38
"../../../Engine/Content/EditorResources/S_Actor.uasset" 39
"../../../Engine/Content/Maps/Templates/Thumbnails/Default.uasset" 40
"../../../Engine/Content/EditorMaterials/ParticleSystems/PSysThumbnail_NoImage.uasset" 41
"../../../Engine/Content/EditorMaterials/ParticleSystems/PSysThumbnail_OOD.uasset" 42
"../../../Engine/Content/EditorLandscapeResources/DataLayer.uasset" 43
"../../../Engine/Content/EngineFonts/Roboto.uasset" 44
"../../../Engine/Content/Functions/Engine_MaterialFunctions01/Shading/PowerToRoughness.uasset" 45
"../../../Engine/Content/EngineMaterials/DefaultDeferredDecalMaterial.uasset" 46
"../../../Engine/Content/EngineMaterials/DefaultLightFunctionMaterial.uasset" 47
"../../../Engine/Content/Functions/Engine_MaterialFunctions02/Utility/BreakOutFloat2Components.uasset" 48
"../../../Engine/Content/EngineMaterials/DefaultPostProcessMaterial.uasset" 49
"../../../Engine/Content/EngineResources/DefaultTexture.uasset" 50
"../../../Engine/Content/Functions/Engine_MaterialFunctions02/Texturing/ScreenAlignedUVs.uasset" 51
"../../../Engine/Content/EngineResources/WhiteSquareTexture.uasset" 52
"../../../Engine/Content/EngineMaterials/Widget3DPassThrough.uasset" 53
"../../../Engine/Content/EngineMaterials/Widget3DPassThrough_Translucent.uasset" 54
"../../../Engine/Content/EngineMaterials/Widget3DPassThrough_Translucent_OneSided.uasset" 55
"../../../Engine/Content/EngineMaterials/Widget3DPassThrough_Opaque.uasset" 56
"../../../Engine/Content/EngineMaterials/Widget3DPassThrough_Opaque_OneSided.uasset" 57
"../../../Engine/Content/EngineMaterials/Widget3DPassThrough_Masked.uasset" 58
"../../../Engine/Content/EngineMaterials/Widget3DPassThrough_Masked_OneSided.uasset" 59
"../../../Engine/Content/EngineDamageTypes/DmgTypeBP_Environmental.uasset" 60
"../../../Engine/Content/EngineMeshes/Sphere.uasset" 61
"../../../Engine/Content/EngineFonts/RobotoDistanceField.uasset" 62
"../../../Engine/Content/EngineMaterials/DefaultTextMaterialOpaque.uasset" 63
"../../../Engine/Content/EditorResources/S_Trigger.uasset" 64
"../../../Engine/Content/EngineResources/GradientTexture0.uasset" 65
"../../../Engine/Content/EngineResources/Black.uasset" 66
"../../../Engine/Content/EditorMaterials/MatineeGroups/MAT_Groups_Float.uasset" 67
"../../../Engine/Content/EditorMaterials/MatineeGroups/MAT_Groups_Director.uasset" 68
"../../../Engine/Content/EditorMaterials/MatineeGroups/MAT_Groups_Event.uasset" 69
"../../../Engine/Content/EditorMaterials/MatineeGroups/MAT_Groups_Anim.uasset" 70
"../../../Engine/Content/EditorMaterials/MatineeGroups/MAT_Groups_Fade.uasset" 71
"../../../Engine/Content/EditorMaterials/MatineeGroups/MAT_Groups_Move.uasset" 72
"../../../Engine/Content/EditorMaterials/MatineeGroups/MAT_Groups_Slomo.uasset" 73
"../../../Engine/Content/EditorMaterials/MatineeGroups/MAT_ColorTrack.uasset" 74
"../../../Engine/Content/EditorMaterials/MAT_Groups_Toggle.uasset" 75
"../../../Engine/Content/EditorMaterials/MatineeGroups/MAT_Groups_AudioMaster.uasset" 76
"../../../Engine/Content/EditorMaterials/MatineeGroups/MAT_Groups_Sound.uasset" 77
"../../../Engine/Content/EditorMaterials/MatineeGroups/MAT_Groups_Vector.uasset" 78
"../../../Engine/Content/EditorMaterials/MAT_Groups_Visibility.uasset" 79
"../../../Engine/Content/EngineResources/DefaultTextureCube.uasset" 80
"../../../Engine/Content/EngineMeshes/Cylinder.uasset" 81
"../../../Engine/Content/EngineTireTypes/DefaultTireType.uasset" 82
"../../../Engine/Content/EngineResources/AICON-Red.uasset" 83
"../../../Engine/Content/EngineResources/AICON-Green.uasset" 84
"../../../Engine/Content/Tutorial/Basics/LevelEditorAttract.uasset" 85
"../../../Engine/Content/Tutorial/ContentIntroCurve.uasset" 86
"../../../Engine/Plugins/2D/Paper2D/Content/PlaceholderTextures/DummySpriteTexture.uasset" 87
"../../../Engine/Plugins/2D/Paper2D/Content/DummySpriteTexture.uasset" 88
"../../../Engine/Plugins/2D/Paper2D/Content/DefaultSpriteMaterial.uasset" 89
"../../../Engine/Plugins/2D/Paper2D/Content/MaskedUnlitSpriteMaterial.uasset" 90
"../../../Engine/Plugins/2D/Paper2D/Content/OpaqueUnlitSpriteMaterial.uasset" 91
"../../../Engine/Plugins/2D/Paper2D/Content/DummySprite.uasset" 92
"../../../Engine/Plugins/2D/Paper2D/Content/DefaultPaperTerrainMaterial.uasset" 93
"../../../Engine/Plugins/Runtime/LeapMotionController/Content/LM_CapsuleMesh.uasset" 94
"../../../Engine/Plugins/Runtime/LeapMotionController/Content/LM_TorusMesh.uasset" 95
"../../../Engine/Plugins/Runtime/LeapMotionController/Content/LM_HandColor.uasset" 96
"../../../Engine/Plugins/Runtime/LeapMotionController/Content/LM_SampleDistortion.uasset" 97
"../../../Engine/Plugins/Runtime/LeapMotionController/Content/LM_TestTexture.uasset" 98
"../../../Engine/Plugins/Runtime/LeapMotionController/Content/LM_PassthroughMaterial.uasset" 99
"../../../Engine/Content/BasicShapes/Cube.uasset" 100
"../../../Engine/Content/EngineMaterials/RemoveSurfaceMaterial.uasset" 101
"../../../Engine/Content/EngineDebugMaterials/DebugMeshMaterial.uasset" 102
"../../../Engine/Content/EngineMaterials/InvalidLightmapSettings.uasset" 103
"../../../Engine/Content/EngineMaterials/M_InvalidLightmapSettings.uasset" 104
"../../../Engine/Content/EditorMaterials/GizmoMaterial.uasset" 105
"../../../Engine/Content/EngineMaterials/Good64x64TilingNoiseHighFreq.uasset" 106
"../../../Engine/Content/EngineMaterials/DefaultBokeh.uasset" 107
"../../../Engine/Content/EngineMaterials/PreintegratedSkinBRDF.uasset" 108
"../../../Engine/Content/EngineMaterials/MiniFont.uasset" 109
"../../../Engine/Content/EngineMaterials/WeightMapPlaceholderTexture.uasset" 110
"../../../Engine/Content/EngineMaterials/DefaultPhysicalMaterial.uasset" 111
"../../../Engine/Content/EngineFonts/RobotoTiny.uasset" 112
"../../../Engine/Content/MobileResources/T_MobileControls_texture.uasset" 113
"../../../Engine/Content/MobileResources/HUD/MobileHUDDirectionPad2.uasset" 114
"../../../Engine/Content/MobileResources/HUD/T_Castle_ThumbstickOutter.uasset" 115
"../../../Honours/Content/Blueprints/Star.uasset" 116
"../../../Engine/Content/EditorResources/EmptyActor.uasset" 117
"../../../Honours/Content/Textures/awesome.uasset" 118
"../../../Honours/Content/Textures/acid.uasset" 119
"../../../Engine/Content/MobileResources/HUD/MobileHUDDirectionPad.uasset" 120
"../../../Engine/Content/MobileResources/HUD/T_Castle_ThumbstickInner.uasset" 121
"../../../Engine/Content/MobileResources/HUD/MobileHUDButton2_off.uasset" 122
"../../../Engine/Content/MobileResources/HUD/MobileHUDButtonFire.uasset" 123
"../../../Honours/Content/Materials/M_PGen_inst.uasset" 124
"../../../Honours/Content/Materials/M_EarthLike.uasset" 125
"../../../Engine/Content/MobileResources/HUD/MobileHUDDirectionStick.uasset" 126
"../../../Engine/Content/MobileResources/HUD/VirtualJoystick_Background.uasset" 127
"../../../Engine/Content/MobileResources/HUD/VirtualJoystick_Thumb.uasset" 128
"../../../Engine/Content/MobileResources/HUD/LeftVirtualJoystickOnly.uasset" 129
"../../../Engine/Content/MobileResources/HUD/DefaultVirtualJoysticks.uasset" 130
"../../../Engine/Content/MobileResources/HUD/AnalogHat.uasset" 131
"../../../Engine/Content/MobileResources/HUD/MobileHUDButton1_off.uasset" 132
"../../../Engine/Content/MobileResources/T_MobileMenu2.uasset" 133
"../../../Honours/Content/Textures/texture.uasset" 134
"../../../Engine/Content/MobileResources/HUD/MobileHUDDirectionPad3.uasset" 135
"../../../Engine/Content/MobileResources/HUD/MobileHUDButton1_on.uasset" 136
"../../../Engine/Content/MobileResources/HUD/MobileHUDButton3.uasset" 137
"../../../Engine/Content/MobileResources/HUD/MobileHUDButton2_on.uasset" 138
"../../../Engine/Content/EditorMaterials/PhAT_JointLimitMaterial.uasset" 139
"../../../Engine/Content/EditorMaterials/PreviewShadowIndicator.uasset" 140
"../../../Engine/Content/EditorMaterials/PreviewShadowIndicatorMaterial.uasset" 141
"../../../Engine/Content/EditorMeshes/ColorCalibrator/M_ChromeBall.uasset" 142
"../../../Engine/Content/EditorMeshes/ColorCalibrator/M_ClearCoat.uasset" 143
"../../../Engine/Content/EditorMeshes/ColorCalibrator/M_ClearCoatBlack.uasset" 144
"../../../Engine/Content/EditorMeshes/ColorCalibrator/T_ColorGrid.uasset" 145
"../../../Engine/Content/EditorMeshes/ColorCalibrator/M_ColorGrid.uasset" 146
"../../../Engine/Content/EditorMeshes/ColorCalibrator/M_GreyBall.uasset" 147
"../../../Engine/Content/EditorMeshes/ColorCalibrator/SM_ColorCalibrator.uasset" 148
"../../../Engine/Content/EditorResources/BSPVertex.uasset" 149
"../../../Engine/Content/EngineDebugMaterials/HeatmapGradient.uasset" 150
"../../../Engine/Content/EngineDebugMaterials/BoneWeightMaterial.uasset" 151
"../../../Engine/Content/EngineDebugMaterials/GeomMaterial.uasset" 152
"../../../Engine/Content/Functions/Engine_MaterialFunctions01/Shading/ConvertFromDiffSpec.uasset" 153
"../../../Engine/Content/EngineDebugMaterials/LevelColorationLitMaterial.uasset" 154
"../../../Engine/Content/EngineDebugMaterials/LevelColorationUnlitMaterial.uasset" 155
"../../../Engine/Content/EngineMaterials/DefaultWhiteGrid.uasset" 156
"../../../Engine/Content/EngineDebugMaterials/MAT_LevelColorationLitLightmapUV.uasset" 157
"../../../Engine/Content/EngineDebugMaterials/ShadedLevelColorationLitMaterial.uasset" 158
"../../../Engine/Content/EngineDebugMaterials/ShadedLevelColorationUnlitMateri.uasset" 159
"../../../Engine/Content/EngineDebugMaterials/VertexColorMaterial.uasset" 160
"../../../Engine/Content/EngineDebugMaterials/VertexColorViewMode_AlphaAsColor.uasset" 161
"../../../Engine/Content/EngineDebugMaterials/VertexColorViewMode_BlueOnly.uasset" 162
"../../../Engine/Content/EngineDebugMaterials/VertexColorViewMode_ColorOnly.uasset" 163
"../../../Engine/Content/EngineDebugMaterials/VertexColorViewMode_GreenOnly.uasset" 164
"../../../Engine/Content/EngineDebugMaterials/VertexColorViewMode_RedOnly.uasset" 165
"../../../Engine/Content/EngineDebugMaterials/WireframeMaterial.uasset" 166
"../../../Engine/Content/EngineMaterials/EditorBrushMaterial.uasset" 167
"../../../Engine/Content/Tutorial/Basics/TutorialAssets/icon_tab_Levels_40x.uasset" 168
"../../../Engine/Content/Tutorial/Basics/LevelEditorOverview.uasset" 169
"../../../Engine/Content/Tutorial/BlueprintTutorials/TutorialAssets/Blueprint_64x.uasset" 170
"../../../Engine/Content/Tutorial/BlueprintTutorials/BlueprintEditorTutorial.uasset" 171
"../../../Engine/Content/Tutorial/BlueprintTutorials/TutorialAssets/BlueprintInterface_64x.uasset" 172
"../../../Engine/Content/Tutorial/BlueprintTutorials/TutorialAssets/Tutorial_BP_Interface.uasset" 173
"../../../Engine/Content/Tutorial/BlueprintTutorials/BlueprintInterfacesEditorOverview.uasset" 174
"../../../Engine/Content/Tutorial/BlueprintTutorials/TutorialAssets/BlueprintMacroLibrary_64x.uasset" 175
"../../../Engine/Content/Tutorial/BlueprintTutorials/TutorialAssets/Tutorial_BP_MacroLib.uasset" 176
"../../../Engine/Content/Tutorial/BlueprintTutorials/BlueprintMacroLibrariesEditorOverview.uasset" 177
"../../../Engine/Content/Tutorial/BlueprintTutorials/LevelBlueprintEditorOverview.uasset" 178
"../../../Engine/Content/Tutorial/Foliage/TutorialAssets/Foliage.uasset" 179
"../../../Engine/Content/Tutorial/Foliage/Foliage_Settings_Tutorial.uasset" 180
"../../../Engine/Content/Tutorial/Foliage/Foliage_Using_The_Tool_Tutorial.uasset" 181
"../../../Engine/Content/Tutorial/Foliage/Foliage_Intro_Tutorial.uasset" 182
"../../../Engine/Content/Tutorial/Landscape/TutorialAssets/Landscape.uasset" 183
"../../../Engine/Content/Tutorial/Landscape/Landscape_Painting_Mode.uasset" 184
"../../../Engine/Content/Tutorial/Landscape/Landscape_Sculpt_Mode.uasset" 185
"../../../Engine/Content/Tutorial/Landscape/Landscape_Manage_Mode.uasset" 186
"../../../Engine/Content/Tutorial/Paper2D/TutorialAssets/Paper2DFlipbook_TutorialIcon.uasset" 187
"../../../Engine/Content/Tutorial/Paper2D/FlipbookEditorTutorial.uasset" 188
"../../../Engine/Content/Tutorial/Paper2D/TutorialAssets/Paper2DSprite_TutorialIcon.uasset" 189
"../../../Engine/Content/Tutorial/Paper2D/SpriteEditorTutorial.uasset" 190
"../../../Engine/Content/EditorMeshes/EditorCube.uasset" 191
"../../../Engine/Content/Tutorial/SubEditors/TutorialAssets/Tutorial_DM.uasset" 192
"../../../Engine/Content/Tutorial/SubEditors/DestructibleMeshEditorTutorial.uasset" 193
"../../../Engine/Content/Tutorial/SubEditors/TutorialAssets/TutorialMaterial.uasset" 194
"../../../Engine/Content/Tutorial/SubEditors/MaterialEditorTutorial.uasset" 195
"../../../Engine/Content/Tutorial/SubEditors/TutorialAssets/T_SmokeSubUV_8X8.uasset" 196
"../../../Engine/Content/Tutorial/SubEditors/TutorialAssets/T_soft_smoke.uasset" 197
"../../../Engine/Content/Tutorial/SubEditors/TutorialAssets/M_smoke_subUV_blackbody.uasset" 198
"../../../Engine/Content/Tutorial/SubEditors/TutorialAssets/TutorialParticleSystem.uasset" 199
"../../../Engine/Content/Tutorial/SubEditors/ParticleSystemEditorTutorial.uasset" 200
"../../../Engine/Content/Tutorial/SubEditors/TutorialAssets/icon_ShowSkeletalMeshes_40x.uasset" 201
"../../../Engine/Content/Tutorial/SubEditors/TutorialAssets/Character/TutorialTPP_Mat.uasset" 202
"../../../Engine/Content/Tutorial/SubEditors/TutorialAssets/Character/TutorialTPP_PhysicsAsset.uasset" 203
"../../../Engine/Content/Tutorial/SubEditors/TutorialAssets/Character/TutorialTPP.uasset" 204
"../../../Engine/Content/Tutorial/SubEditors/TutorialAssets/Character/TutorialTPP_Skeleton.uasset" 205
"../../../Engine/Content/Tutorial/SubEditors/TutorialAssets/Character/Tutorial_Idle.uasset" 206
"../../../Engine/Content/Tutorial/SubEditors/TutorialAssets/Character/Tutorial_Walk_Fwd.uasset" 207
"../../../Engine/Content/Tutorial/SubEditors/TutorialAssets/Character/NewBlendSpace1D.uasset" 208
"../../../Engine/Content/Tutorial/SubEditors/TutorialAssets/Character/TutorialCharacter.uasset" 209
"../../../Engine/Content/Tutorial/SubEditors/TutorialAssets/Character/TutorialTPP_AnimBlueprint.uasset" 210
"../../../Engine/Content/Tutorial/SubEditors/PersonaAnimBlueprintEditorWalkthrough.uasset" 211
"../../../Engine/Content/Tutorial/SubEditors/PersonaAnimEditorWalkthrough.uasset" 212
"../../../Engine/Content/Tutorial/SubEditors/PersonaAnimEditorTutorial.uasset" 213
"../../../Engine/Content/EngineMeshes/Cube.uasset" 214
"../../../Engine/Content/Tutorial/SubEditors/StaticMeshEditorTutorial.uasset" 215
"../../../Engine/Content/Tutorial/SubEditors/TutorialAssets/icon_Editor_Preferences_General_40x.uasset" 216
